IQ-TREE multicore version 2.2.2.7.modelmix COVID-edition for Linux 64-bit built Jul 13 2023
Developed by Bui Quang Minh, James Barbetti, Nguyen Lam Tung,
Olga Chernomor, Heiko Schmidt, Dominik Schrempf, Michael Woodhams, Ly Trong Nhan.

Host:    TimMu-Laptop (AVX2, FMA3, 6 GB RAM)
Command: iqtree2 -s ./backtrans_extraction_EOG092C580G_aa_aln_trimmed alignment.fasta -B 1000 -T AUTO --prefix one_EOG092C580G
Seed:    590302 (Using SPRNG - Scalable Parallel Random Number Generator)
Time:    Thu Aug 10 21:25:59 2023
Kernel:  AVX+FMA - auto-detect threads (16 CPU cores detected)

Reading alignment file ./backtrans_extraction_EOG092C580G_aa_aln_trimmed alignment.fasta ... Fasta format detected
Reading fasta file: done in 0.000131841 secs using 99.36% CPU
Alignment most likely contains DNA/RNA sequences
Constructing alignment: done in 0.000403227 secs using 99.94% CPU
Alignment has 20 sequences with 566 columns, 412 distinct patterns
340 parsimony-informative, 63 singleton sites, 163 constant sites
                                Gap/Ambiguity  Composition  p-value
Analyzing sequences: done in 0.000204879 secs using 99.57% CPU
   1  Magnaporthe_sp._MG03              4.06%    passed     88.90%
   2  Melampsora_occidentalis           4.06%    passed     87.30%
   3  Metschnikowia_dekortorum          4.06%    passed     68.48%
   4  Microbotryum_violaceum            4.06%    passed     86.79%
   5  Moniliophthora_roreri             4.06%    passed     80.63%
   6  Mucor_racemosus                   4.06%    passed     73.75%
   7  Neurospora_tetrasperma            4.06%    passed     74.20%
   8  Neoboletus_brunneissimus          4.06%    passed     81.05%
   9  Ophidiomyces_ophiodiicola         4.06%    passed     83.50%
  10  Ophiocordyceps_sinensis           4.06%    passed     98.01%
  11  Penicillium_capsulatum            4.06%    passed     69.93%
  12  Parasitella_parasitica            4.06%    passed     93.30%
  13  Penicillium_subrubescens          4.06%    passed     98.76%
  14  Pezicula_radicicola               4.06%    passed     93.33%
  15  Piptocephalis_cylindrospora       5.12%    passed     44.91%
  16  Pochonia_chlamydosporia           4.06%    passed     94.94%
  17  Pseudogymnoascus_pannorum         4.06%    passed     84.82%
  18  Pseudogymnoascus_sp._VKM_F-103    4.06%    passed     97.22%
  19  Pseudozyma_tsukubaensis           4.06%    passed     98.93%
  20  Pyrenophora_seminiperda           4.06%    passed     90.39%
****  TOTAL                             4.12%  0 sequences failed composition chi2 test (p-value<5%; df=3)
Checking for duplicate sequences: done in 0.000113877 secs using 99.23% CPU


Create initial parsimony tree by phylogenetic likelihood library (PLL)... 0.001 seconds
Measuring multi-threading efficiency up to 16 CPU cores
Increase to 10 rounds for branch lengths
1682 trees examined
Threads: 1 / Time: 16.000 sec / Speedup: 1.000 / Efficiency: 100% / LogL: -8061
Threads: 2 / Time: 12.379 sec / Speedup: 1.293 / Efficiency: 65% / LogL: -8061
Threads: 3 / Time: 10.567 sec / Speedup: 1.514 / Efficiency: 50% / LogL: -8061
Threads: 4 / Time: 10.351 sec / Speedup: 1.546 / Efficiency: 39% / LogL: -8061
Determining AUTO threadcount: done in 49.2978 secs using 228.7% CPU
BEST NUMBER OF THREADS: 3

Perform fast likelihood tree search using GTR+I+G model...
Estimate model parameters (epsilon = 5.000)
Perform nearest neighbor interchange...
Optimizing NNI: done in 0.00657652 secs using 99.79% CPU
Estimate model parameters (epsilon = 1.000)
1. Initial log-likelihood: -7049.879
Optimal log-likelihood: -7049.061
Rate parameters:  A-C: 3.08413  A-G: 7.09812  A-T: 2.73887  C-G: 2.30778  C-T: 10.31513  G-T: 1.00000
Base frequencies:  A: 0.179  C: 0.211  G: 0.214  T: 0.396
Proportion of invariable sites: 0.176
Gamma shape alpha: 1.197
Parameters optimization took 1 rounds (0.007 sec)
Time for fast ML tree search: 0.038 seconds

NOTE: ModelFinder requires 4 MB RAM!
ModelFinder will test up to 484 DNA models (sample size: 566) ...
 No. Model         -LnL         df  AIC          AICc         BIC
  1  GTR+F         7469.748     45  15029.496    15037.458    15224.733
  2  GTR+F+I       7155.296     46  14402.591    14410.923    14602.167
  3  GTR+F+G4      7060.293     46  14212.586    14220.917    14412.161
  4  GTR+F+I+G4    7047.997     47  14189.994    14198.704    14393.908
  5  GTR+F+R2      7084.404     47  14262.808    14271.519    14466.722
  6  GTR+F+R3      7050.346     49  14198.693    14208.189    14411.284
  7  GTR+F+R4      7044.227     51  14190.455    14200.774    14411.723
 14  GTR+F+I+R2    7051.793     48  14199.587    14208.685    14407.839
 15  GTR+F+I+R3    7048.840     50  14197.680    14207.583    14414.610
 26  SYM+I+G4      7106.795     44  14301.591    14309.191    14492.489
 48  TVM+F+I+G4    7054.045     46  14200.091    14208.422    14399.666
 70  TVMe+I+G4     7142.402     43  14370.805    14378.054    14557.364
 92  TIM3+F+I+G4   7067.384     45  14224.769    14232.730    14420.005
114  TIM3e+I+G4    7116.249     42  14316.498    14323.405    14498.719
136  TIM2+F+I+G4   7055.058     45  14200.115    14208.077    14395.352
158  TIM2e+I+G4    7110.906     42  14305.812    14312.718    14488.033
180  TIM+F+I+G4    7063.716     45  14217.432    14225.394    14412.669
202  TIMe+I+G4     7114.246     42  14312.492    14319.398    14494.713
224  TPM3u+F+I+G4  7073.764     44  14235.528    14243.129    14426.426
246  TPM3+I+G4     7151.333     41  14384.666    14391.238    14562.548
268  TPM2u+F+I+G4  7060.476     44  14208.951    14216.552    14399.849
290  TPM2+I+G4     7145.365     41  14372.729    14379.302    14550.612
312  K3Pu+F+I+G4   7070.306     44  14228.612    14236.213    14419.510
334  K3P+I+G4      7148.922     41  14379.845    14386.417    14557.727
356  TN+F+I+G4     7071.617     44  14231.234    14238.835    14422.133
378  TNe+I+G4      7118.347     41  14318.695    14325.267    14496.577
400  HKY+F+I+G4    7077.560     43  14241.120    14248.369    14427.679
422  K2P+I+G4      7152.689     40  14385.377    14391.625    14558.921
444  F81+F+I+G4    7342.506     42  14769.012    14775.918    14951.233
466  JC+I+G4       7429.897     39  14937.794    14943.726    15107.000
Akaike Information Criterion:           GTR+F+I+G4
Corrected Akaike Information Criterion: GTR+F+I+G4
Bayesian Information Criterion:         GTR+F+I+G4
Best-fit model: GTR+F+I+G4 chosen according to BIC

All model information printed to one_EOG092C580G.model.gz
CPU time for ModelFinder: 115.037 seconds (0h:1m:55s)
Wall-clock time for ModelFinder: 50.075 seconds (0h:0m:50s)
Generating 1000 samples for ultrafast bootstrap (seed: 590302)...

NOTE: 2 MB RAM (0 GB) is required!
Estimate model parameters (epsilon = 0.100)
Thoroughly optimizing +I+G parameters from 10 start values...
Init pinv, alpha: 0.000, 1.405 / Estimate: 0.000, 0.625 / LogL: -7060.295
Init pinv, alpha: 0.032, 1.405 / Estimate: 0.209, 1.425 / LogL: -7047.963
Init pinv, alpha: 0.064, 1.405 / Estimate: 0.207, 1.413 / LogL: -7047.981
Init pinv, alpha: 0.096, 1.405 / Estimate: 0.205, 1.398 / LogL: -7048.006
Init pinv, alpha: 0.128, 1.405 / Estimate: 0.208, 1.418 / LogL: -7047.974
Init pinv, alpha: 0.160, 1.405 / Estimate: 0.206, 1.403 / LogL: -7047.997
Init pinv, alpha: 0.192, 1.405 / Estimate: 0.205, 1.393 / LogL: -7048.017
Init pinv, alpha: 0.224, 1.405 / Estimate: 0.216, 1.475 / LogL: -7047.972
Init pinv, alpha: 0.256, 1.405 / Estimate: 0.215, 1.474 / LogL: -7047.967
Init pinv, alpha: 0.288, 1.405 / Estimate: 0.216, 1.487 / LogL: -7047.965
Optimal pinv,alpha: 0.209, 1.425 / LogL: -7047.963

Parameters optimization took 0.291 sec
Wrote distance file to... 
Computing ML distances based on estimated model parameters...
Calculating distance matrix: done in 0.000479172 secs using 2003% CPU
Computing ML distances took 0.000583 sec (of wall-clock time) 0.009707 sec (of CPU time)
Setting up auxiliary I and S matrices: done in 0.000453764 secs using 146.3% CPU
Constructing RapidNJ tree: done in 0.00883813 secs using 84.81% CPU
Computing RapidNJ tree took 0.009399 sec (of wall-clock time) 0.008266 sec (of CPU time)
Log-likelihood of RapidNJ tree: -7052.343
--------------------------------------------------------------------
|             INITIALIZING CANDIDATE TREE SET                      |
--------------------------------------------------------------------
Generating 98 parsimony trees... 0.111 second
Computing log-likelihood of 98 initial trees ... 0.089 seconds
Current best score: -7047.963

Do NNI search on 20 best initial trees
Optimizing NNI: done in 0.00428258 secs using 563.3% CPU
Estimate model parameters (epsilon = 0.100)
BETTER TREE FOUND at iteration 1: -7047.954
Optimizing NNI: done in 0.0068414 secs using 392.3% CPU
Optimizing NNI: done in 0.00825506 secs using 342.3% CPU
Optimizing NNI: done in 0.0132656 secs using 250.8% CPU
Optimizing NNI: done in 0.0106805 secs using 287.7% CPU
Optimizing NNI: done in 0.00750282 secs using 365.8% CPU
Optimizing NNI: done in 0.0104878 secs using 290.7% CPU
Optimizing NNI: done in 0.00929466 secs using 315.3% CPU
Optimizing NNI: done in 0.0108498 secs using 192.4% CPU
Optimizing NNI: done in 0.011748 secs using 270.1% CPU
Iteration 10 / LogL: -7048.050 / Time: 0h:0m:50s
Optimizing NNI: done in 0.0139082 secs using 387.5% CPU
Optimizing NNI: done in 0.018333 secs using 318.1% CPU
Optimizing NNI: done in 0.0205641 secs using 294.5% CPU
Optimizing NNI: done in 0.0148596 secs using 234.6% CPU
Optimizing NNI: done in 0.0198982 secs using 301% CPU
Optimizing NNI: done in 0.0167509 secs using 338.8% CPU
Optimizing NNI: done in 0.0183185 secs using 318.4% CPU
Optimizing NNI: done in 0.0234693 secs using 270.4% CPU
Optimizing NNI: done in 0.030609 secs using 296% CPU
Optimizing NNI: done in 0.025142 secs using 338.6% CPU
Iteration 20 / LogL: -7047.991 / Time: 0h:0m:50s
Finish initializing candidate tree set (5)
Current best tree score: -7047.954 / CPU time: 0.509
Number of iterations: 20
--------------------------------------------------------------------
|               OPTIMIZING CANDIDATE TREE SET                      |
--------------------------------------------------------------------
Optimizing NNI: done in 0.0244995 secs using 344.9% CPU
Optimizing NNI: done in 0.0183901 secs using 317.5% CPU
Optimizing NNI: done in 0.0189742 secs using 310.9% CPU
Optimizing NNI: done in 0.0155141 secs using 293.7% CPU
Optimizing NNI: done in 0.0153387 secs using 360.6% CPU
Optimizing NNI: done in 0.0180775 secs using 321.2% CPU
Optimizing NNI: done in 0.012355 secs using 261.9% CPU
Optimizing NNI: done in 0.0119725 secs using 267.1% CPU
Optimizing NNI: done in 0.0159954 secs using 350% CPU
Optimizing NNI: done in 0.0174387 secs using 272.6% CPU
Iteration 30 / LogL: -7052.300 / Time: 0h:0m:51s (0h:0m:2s left)
Optimizing NNI: done in 0.0151741 secs using 231.4% CPU
Optimizing NNI: done in 0.0116924 secs using 271% CPU
Optimizing NNI: done in 0.0150441 secs using 233.6% CPU
Optimizing NNI: done in 0.0195879 secs using 304% CPU
Optimizing NNI: done in 0.0105503 secs using 289.2% CPU
Optimizing NNI: done in 0.0135715 secs using 394.7% CPU
Optimizing NNI: done in 0.0156875 secs using 355% CPU
Optimizing NNI: done in 0.0182509 secs using 319.1% CPU
Optimizing NNI: done in 0.0108694 secs using 283.9% CPU
Optimizing NNI: done in 0.0157497 secs using 354% CPU
Iteration 40 / LogL: -7051.888 / Time: 0h:0m:51s (0h:0m:1s left)
Optimizing NNI: done in 0.0121957 secs using 263.9% CPU
Optimizing NNI: done in 0.0161343 secs using 223.9% CPU
Optimizing NNI: done in 0.0126848 secs using 415.4% CPU
Optimizing NNI: done in 0.0084127 secs using 337.6% CPU
Optimizing NNI: done in 0.0241164 secs using 265.8% CPU
Optimizing NNI: done in 0.0167415 secs using 219.5% CPU
Optimizing NNI: done in 0.0139898 secs using 243% CPU
Optimizing NNI: done in 0.017184 secs using 332.7% CPU
Optimizing NNI: done in 0.0168169 secs using 337.9% CPU
Optimizing NNI: done in 0.0189009 secs using 311.5% CPU
Iteration 50 / LogL: -7047.964 / Time: 0h:0m:51s (0h:0m:1s left)
Log-likelihood cutoff on original alignment: -7075.633
Optimizing NNI: done in 0.0121127 secs using 248.4% CPU
Optimizing NNI: done in 0.0155562 secs using 358.7% CPU
Optimizing NNI: done in 0.0141878 secs using 239.3% CPU
Optimizing NNI: done in 0.015475 secs using 229.2% CPU
Optimizing NNI: done in 0.0129398 secs using 409.2% CPU
Optimizing NNI: done in 0.0117372 secs using 270.3% CPU
Optimizing NNI: done in 0.0136277 secs using 393.5% CPU
Optimizing NNI: done in 0.0214663 secs using 286.4% CPU
Optimizing NNI: done in 0.0117228 secs using 270.5% CPU
Optimizing NNI: done in 0.0109055 secs using 283.3% CPU
Iteration 60 / LogL: -7048.142 / Time: 0h:0m:51s (0h:0m:1s left)
Optimizing NNI: done in 0.0104637 secs using 291.1% CPU
Optimizing NNI: done in 0.020807 secs using 292.2% CPU
Optimizing NNI: done in 0.0195406 secs using 253.5% CPU
Optimizing NNI: done in 0.0247746 secs using 261.2% CPU
Optimizing NNI: done in 0.0152031 secs using 231.5% CPU
Optimizing NNI: done in 0.0185068 secs using 316.2% CPU
Optimizing NNI: done in 0.016563 secs using 220.8% CPU
Optimizing NNI: done in 0.0126773 secs using 257.7% CPU
Optimizing NNI: done in 0.0228968 secs using 274.7% CPU
Optimizing NNI: done in 0.0180523 secs using 210.8% CPU
Iteration 70 / LogL: -7052.306 / Time: 0h:0m:51s (0h:0m:0s left)
Optimizing NNI: done in 0.01511 secs using 232.4% CPU
Optimizing NNI: done in 0.0116239 secs using 444% CPU
Optimizing NNI: done in 0.0135683 secs using 247.3% CPU
Optimizing NNI: done in 0.0206782 secs using 293.5% CPU
Optimizing NNI: done in 0.0191607 secs using 308.7% CPU
Optimizing NNI: done in 0.0118284 secs using 269.1% CPU
Optimizing NNI: done in 0.0103032 secs using 293.8% CPU
Optimizing NNI: done in 0.0159663 secs using 225.6% CPU
Optimizing NNI: done in 0.0212155 secs using 288.6% CPU
Optimizing NNI: done in 0.0145916 secs using 374.1% CPU
Iteration 80 / LogL: -7052.248 / Time: 0h:0m:52s (0h:0m:0s left)
Optimizing NNI: done in 0.0198589 secs using 301.4% CPU
Optimizing NNI: done in 0.0206275 secs using 293.8% CPU
Optimizing NNI: done in 0.013094 secs using 405.5% CPU
Optimizing NNI: done in 0.0103759 secs using 292.8% CPU
Optimizing NNI: done in 0.0122134 secs using 263.8% CPU
Optimizing NNI: done in 0.00773115 secs using 99.97% CPU
Optimizing NNI: done in 0.0150974 secs using 232.4% CPU
Optimizing NNI: done in 0.0119414 secs using 435% CPU
Optimizing NNI: done in 0.0110894 secs using 280.3% CPU
Optimizing NNI: done in 0.011108 secs using 190.1% CPU
Iteration 90 / LogL: -7048.005 / Time: 0h:0m:52s (0h:0m:0s left)
Optimizing NNI: done in 0.0136493 secs using 246.5% CPU
Optimizing NNI: done in 0.00980448 secs using 304% CPU
Optimizing NNI: done in 0.0146396 secs using 373.2% CPU
Optimizing NNI: done in 0.0149889 secs using 366.8% CPU
Optimizing NNI: done in 0.0164481 secs using 343.2% CPU
Optimizing NNI: done in 0.0136721 secs using 246.3% CPU
Optimizing NNI: done in 0.0189612 secs using 258.9% CPU
Optimizing NNI: done in 0.0150026 secs using 232.9% CPU
Optimizing NNI: done in 0.00869526 secs using 99.82% CPU
Optimizing NNI: done in 0.00738469 secs using 99.98% CPU
Iteration 100 / LogL: -7047.960 / Time: 0h:0m:52s (0h:0m:0s left)
Log-likelihood cutoff on original alignment: -7076.140
NOTE: Bootstrap correlation coefficient of split occurrence frequencies: 0.998
Optimizing NNI: done in 0.0091726 secs using 273% CPU
Optimizing NNI: done in 0.00767813 secs using 360.2% CPU
TREE SEARCH COMPLETED AFTER 102 ITERATIONS / Time: 0h:0m:52s

--------------------------------------------------------------------
|                    FINALIZING TREE SEARCH                        |
--------------------------------------------------------------------
Performs final model parameters optimization
Estimate model parameters (epsilon = 0.010)
1. Initial log-likelihood: -7047.954
Optimal log-likelihood: -7047.951
Rate parameters:  A-C: 3.09274  A-G: 7.09460  A-T: 2.74153  C-G: 2.32513  C-T: 10.24117  G-T: 1.00000
Base frequencies:  A: 0.179  C: 0.211  G: 0.214  T: 0.396
Proportion of invariable sites: 0.211
Gamma shape alpha: 1.444
Parameters optimization took 1 rounds (0.003 sec)
BEST SCORE FOUND : -7047.951
Creating bootstrap support values...
Split supports printed to NEXUS file one_EOG092C580G.splits.nex
Total tree length: 5.041

Total number of iterations: 102
CPU time used for tree search: 5.636 sec (0h:0m:5s)
Wall-clock time used for tree search: 2.015 sec (0h:0m:2s)
Total CPU time used: 121.668 sec (0h:2m:1s)
Total wall-clock time used: 52.442 sec (0h:0m:52s)

Computing bootstrap consensus tree...
Reading input file one_EOG092C580G.splits.nex...
20 taxa and 123 splits.
Consensus tree written to one_EOG092C580G.contree
Reading input trees file one_EOG092C580G.contree
Log-likelihood of consensus tree: -7047.951

Analysis results written to: 
  IQ-TREE report:                one_EOG092C580G.iqtree
  Maximum-likelihood tree:       one_EOG092C580G.treefile
  Likelihood distances:          one_EOG092C580G.mldist

Ultrafast bootstrap approximation results written to:
  Split support values:          one_EOG092C580G.splits.nex
  Consensus tree:                one_EOG092C580G.contree
  Screen log file:               one_EOG092C580G.log

Date and Time: Thu Aug 10 21:26:52 2023
